<?xml version="1.0" encoding="UTF-8"?>
<testsuite xmlns:xsi="http://www.w3.org/2001/XMLSchema-instance" xsi:noNamespaceSchemaLocation="https://maven.apache.org/surefire/maven-surefire-plugin/xsd/surefire-test-report.xsd" name="com.lam.poster.AppTest" time="0.392" tests="2" errors="0" skipped="0" failures="0">
  <properties>
    <property name="sun.desktop" value="windows"/>
    <property name="awt.toolkit" value="sun.awt.windows.WToolkit"/>
    <property name="file.encoding.pkg" value="sun.io"/>
    <property name="java.specification.version" value="1.8"/>
    <property name="sun.cpu.isalist" value="amd64"/>
    <property name="sun.jnu.encoding" value="GBK"/>
    <property name="java.class.path" value="F:\poster-util\target\test-classes;F:\poster-util\target\classes;E:\apache-maven-3.6.0-bin\maven_repository\junit\junit\4.11\junit-4.11.jar;E:\apache-maven-3.6.0-bin\maven_repository\org\hamcrest\hamcrest-core\1.3\hamcrest-core-1.3.jar;E:\apache-maven-3.6.0-bin\maven_repository\com\google\zxing\core\3.3.3\core-3.3.3.jar;E:\apache-maven-3.6.0-bin\maven_repository\javax\validation\validation-api\2.0.1.Final\validation-api-2.0.1.Final.jar;E:\apache-maven-3.6.0-bin\maven_repository\org\projectlombok\lombok\1.18.8\lombok-1.18.8.jar;E:\apache-maven-3.6.0-bin\maven_repository\com\google\zxing\javase\3.3.3\javase-3.3.3.jar;E:\apache-maven-3.6.0-bin\maven_repository\com\beust\jcommander\1.72\jcommander-1.72.jar;E:\apache-maven-3.6.0-bin\maven_repository\com\github\jai-imageio\jai-imageio-core\1.4.0\jai-imageio-core-1.4.0.jar;E:\apache-maven-3.6.0-bin\maven_repository\org\springframework\spring-core\5.1.10.RELEASE\spring-core-5.1.10.RELEASE.jar;E:\apache-maven-3.6.0-bin\maven_repository\org\springframework\spring-jcl\5.1.10.RELEASE\spring-jcl-5.1.10.RELEASE.jar;E:\apache-maven-3.6.0-bin\maven_repository\log4j\log4j\1.2.17\log4j-1.2.17.jar;E:\apache-maven-3.6.0-bin\maven_repository\org\slf4j\slf4j-api\1.7.28\slf4j-api-1.7.28.jar;"/>
    <property name="java.vm.vendor" value="Oracle Corporation"/>
    <property name="sun.arch.data.model" value="64"/>
    <property name="user.variant" value=""/>
    <property name="java.vendor.url" value="http://java.oracle.com/"/>
    <property name="user.timezone" value="Asia/Shanghai"/>
    <property name="java.vm.specification.version" value="1.8"/>
    <property name="os.name" value="Windows 10"/>
    <property name="user.country" value="CN"/>
    <property name="sun.java.launcher" value="SUN_STANDARD"/>
    <property name="sun.boot.library.path" value="C:\Program Files\Java\jdk1.8.0_201\jre\bin"/>
    <property name="sun.java.command" value="C:\Users\Lam\AppData\Local\Temp\surefire4484302884616232635\surefirebooter3947287195834839229.jar C:\Users\Lam\AppData\Local\Temp\surefire4484302884616232635 2019-11-03T11-35-24_214-jvmRun1 surefire8746068955308043486tmp surefire_0563219428925603034tmp"/>
    <property name="surefire.test.class.path" value="F:\poster-util\target\test-classes;F:\poster-util\target\classes;E:\apache-maven-3.6.0-bin\maven_repository\junit\junit\4.11\junit-4.11.jar;E:\apache-maven-3.6.0-bin\maven_repository\org\hamcrest\hamcrest-core\1.3\hamcrest-core-1.3.jar;E:\apache-maven-3.6.0-bin\maven_repository\com\google\zxing\core\3.3.3\core-3.3.3.jar;E:\apache-maven-3.6.0-bin\maven_repository\javax\validation\validation-api\2.0.1.Final\validation-api-2.0.1.Final.jar;E:\apache-maven-3.6.0-bin\maven_repository\org\projectlombok\lombok\1.18.8\lombok-1.18.8.jar;E:\apache-maven-3.6.0-bin\maven_repository\com\google\zxing\javase\3.3.3\javase-3.3.3.jar;E:\apache-maven-3.6.0-bin\maven_repository\com\beust\jcommander\1.72\jcommander-1.72.jar;E:\apache-maven-3.6.0-bin\maven_repository\com\github\jai-imageio\jai-imageio-core\1.4.0\jai-imageio-core-1.4.0.jar;E:\apache-maven-3.6.0-bin\maven_repository\org\springframework\spring-core\5.1.10.RELEASE\spring-core-5.1.10.RELEASE.jar;E:\apache-maven-3.6.0-bin\maven_repository\org\springframework\spring-jcl\5.1.10.RELEASE\spring-jcl-5.1.10.RELEASE.jar;E:\apache-maven-3.6.0-bin\maven_repository\log4j\log4j\1.2.17\log4j-1.2.17.jar;E:\apache-maven-3.6.0-bin\maven_repository\org\slf4j\slf4j-api\1.7.28\slf4j-api-1.7.28.jar;"/>
    <property name="sun.cpu.endian" value="little"/>
    <property name="user.home" value="C:\Users\Lam"/>
    <property name="user.language" value="zh"/>
    <property name="java.specification.vendor" value="Oracle Corporation"/>
    <property name="java.home" value="C:\Program Files\Java\jdk1.8.0_201\jre"/>
    <property name="basedir" value="F:\poster-util"/>
    <property name="file.separator" value="\"/>
    <property name="line.separator" value="&#10;"/>
    <property name="java.vm.specification.vendor" value="Oracle Corporation"/>
    <property name="java.specification.name" value="Java Platform API Specification"/>
    <property name="java.awt.graphicsenv" value="sun.awt.Win32GraphicsEnvironment"/>
    <property name="surefire.real.class.path" value="C:\Users\Lam\AppData\Local\Temp\surefire4484302884616232635\surefirebooter3947287195834839229.jar"/>
    <property name="sun.boot.class.path" value="C:\Program Files\Java\jdk1.8.0_201\jre\lib\resources.jar;C:\Program Files\Java\jdk1.8.0_201\jre\lib\rt.jar;C:\Program Files\Java\jdk1.8.0_201\jre\lib\sunrsasign.jar;C:\Program Files\Java\jdk1.8.0_201\jre\lib\jsse.jar;C:\Program Files\Java\jdk1.8.0_201\jre\lib\jce.jar;C:\Program Files\Java\jdk1.8.0_201\jre\lib\charsets.jar;C:\Program Files\Java\jdk1.8.0_201\jre\lib\jfr.jar;C:\Program Files\Java\jdk1.8.0_201\jre\classes"/>
    <property name="user.script" value=""/>
    <property name="sun.management.compiler" value="HotSpot 64-Bit Tiered Compilers"/>
    <property name="java.runtime.version" value="1.8.0_201-b09"/>
    <property name="user.name" value="Lam"/>
    <property name="path.separator" value=";"/>
    <property name="os.version" value="10.0"/>
    <property name="java.endorsed.dirs" value="C:\Program Files\Java\jdk1.8.0_201\jre\lib\endorsed"/>
    <property name="java.runtime.name" value="Java(TM) SE Runtime Environment"/>
    <property name="file.encoding" value="GBK"/>
    <property name="java.vm.name" value="Java HotSpot(TM) 64-Bit Server VM"/>
    <property name="localRepository" value="E:\apache-maven-3.6.0-bin\maven_repository"/>
    <property name="java.vendor.url.bug" value="http://bugreport.sun.com/bugreport/"/>
    <property name="java.io.tmpdir" value="C:\Users\Lam\AppData\Local\Temp\"/>
    <property name="idea.version" value="2018.3.5"/>
    <property name="java.version" value="1.8.0_201"/>
    <property name="user.dir" value="F:\poster-util"/>
    <property name="os.arch" value="amd64"/>
    <property name="java.vm.specification.name" value="Java Virtual Machine Specification"/>
    <property name="java.awt.printerjob" value="sun.awt.windows.WPrinterJob"/>
    <property name="sun.os.patch.level" value=""/>
    <property name="java.library.path" value="C:\Program Files\Java\jdk1.8.0_201\jre\bin;C:\WINDOWS\Sun\Java\bin;C:\WINDOWS\system32;C:\WINDOWS;E:\xshell\;E:\xftp\;C:\Program Files (x86)\Common Files\Oracle\Java\javapath;C:;C:\Program Files\Java\jdk-10.0.2\bin;C:\Program Files\Java\jdk-10.0.2\jre\bin;C:\WINDOWS\system32;C:\WINDOWS;C:\WINDOWS\System32\Wbem;C:\WINDOWS\System32\WindowsPowerShell\v1.0\;C:\WINDOWS\System32\OpenSSH\;E:\apache-maven-3.6.0-bin\apache-maven-3.6.0\bin;E:\GitHub\Git\cmd;E:\node\;C:\Users\Lam\AppData\Local\Microsoft\WindowsApps;;E:\IDEAIU\IntelliJ IDEA 2018.3.5\bin;;C:\Users\Lam\AppData\Roaming\npm;."/>
    <property name="java.vm.info" value="mixed mode"/>
    <property name="java.vendor" value="Oracle Corporation"/>
    <property name="java.vm.version" value="25.201-b09"/>
    <property name="java.ext.dirs" value="C:\Program Files\Java\jdk1.8.0_201\jre\lib\ext;C:\WINDOWS\Sun\Java\lib\ext"/>
    <property name="sun.io.unicode.encoding" value="UnicodeLittle"/>
    <property name="maven.repo.local" value="E:\apache-maven-3.6.0-bin\maven_repository"/>
    <property name="java.class.version" value="52.0"/>
  </properties>
  <testcase name="shouldAnswerWithTrue" classname="com.lam.poster.AppTest" time="0.001"/>
  <testcase name="testProp" classname="com.lam.poster.AppTest" time="0"/>
</testsuite>